app/build/outputs/logs/manifest-merger-debug-report.txt
-- Merging decision tree log ---
manifest
ADDED from src\main\AndroidManifest.xml:20:1-143:12
	package
		ADDED from src\main\AndroidManifest.xml:22:5-38
		INJECTED from src\main\AndroidManifest.xml
		INJECTED from src\main\AndroidManifest.xml
	xmlns:android
		ADDED from src\main\AndroidManifest.xml:21:5-63
uses-permission#android.permission.READ_CONTACTS
ADDED from src\main\AndroidManifest.xml:26:5-72
	android:name
		ADDED from src\main\AndroidManifest.xml:26:22-69
uses-permission#android.permission.CALL_PHONE
ADDED from src\main\AndroidManifest.xml:27:5-69
	android:name
		ADDED from src\main\AndroidManifest.xml:27:22-66
uses-permission#android.permission.READ_PHONE_STATE
ADDED from src\main\AndroidManifest.xml:28:5-75
	android:name
		ADDED from src\main\AndroidManifest.xml:28:22-72
uses-permission#android.permission.PROCESS_OUTGOING_CALLS
ADDED from src\main\AndroidManifest.xml:29:5-81
	android:name
		ADDED from src\main\AndroidManifest.xml:29:22-78
uses-permission#android.permission.READ_CALL_LOG
ADDED from src\main\AndroidManifest.xml:30:5-72
	android:name
		ADDED from src\main\AndroidManifest.xml:30:22-69
uses-permission#android.permission.WRITE_CALL_LOG
ADDED from src\main\AndroidManifest.xml:31:5-73
	android:name
		ADDED from src\main\AndroidManifest.xml:31:22-70
uses-permission#android.permission.SET_WALLPAPER
ADDED from src\main\AndroidManifest.xml:32:5-72
	android:name
		ADDED from src\main\AndroidManifest.xml:32:22-69
uses-permission#android.permission.SET_WALLPAPER_HINTS
ADDED from src\main\AndroidManifest.xml:33:5-78
	android:name
		ADDED from src\main\AndroidManifest.xml:33:22-75
uses-permission#android.permission.VIBRATE
ADDED from src\main\AndroidManifest.xml:34:5-66
	android:name
		ADDED from src\main\AndroidManifest.xml:34:22-63
uses-permission#android.permission.GET_ACCOUNTS_PRIVILEGED
ADDED from src\main\AndroidManifest.xml:36:5-82
	android:name
		ADDED from src\main\AndroidManifest.xml:36:22-79
uses-permission#com.android.launcher.permission.READ_SETTINGS
ADDED from src\main\AndroidManifest.xml:37:5-85
	android:name
		ADDED from src\main\AndroidManifest.xml:37:22-82
uses-permission#com.android.launcher.permission.WRITE_SETTINGS
ADDED from src\main\AndroidManifest.xml:38:5-86
	android:name
		ADDED from src\main\AndroidManifest.xml:38:22-83
application
ADDED from src\main\AndroidManifest.xml:47:9-142:19
MERGED from [com.android.support:support-core-ui:25.2.0] AndroidManifest.xml:25:5-20
MERGED from [com.android.support:support-compat:25.2.0] AndroidManifest.xml:25:5-20
	android:label
		ADDED from src\main\AndroidManifest.xml:49:13-53
	android:supportsRtl
		ADDED from src\main\AndroidManifest.xml:53:13-39
	android:hardwareAccelerated
		ADDED from src\main\AndroidManifest.xml:51:13-47
	android:debuggable
		ADDED from src\main\AndroidManifest.xml:54:13-38
	android:icon
		ADDED from src\main\AndroidManifest.xml:50:13-52
	android:largeHeap
		ADDED from src\main\AndroidManifest.xml:52:13-55
	android:name
		ADDED from src\main\AndroidManifest.xml:48:13-71
activity#com.android.hmlauncher2.Launcher
ADDED from src\main\AndroidManifest.xml:56:13-70:24
	android:clearTaskOnLaunch
		ADDED from src\main\AndroidManifest.xml:59:17-49
	android:stateNotNeeded
		ADDED from src\main\AndroidManifest.xml:60:17-46
	android:launchMode
		ADDED from src\main\AndroidManifest.xml:58:17-48
	android:windowSoftInputMode
		ADDED from src\main\AndroidManifest.xml:63:17-56
	android:resumeWhilePausing
		ADDED from src\main\AndroidManifest.xml:61:17-50
	android:theme
		ADDED from src\main\AndroidManifest.xml:62:17-45
	android:name
		ADDED from src\main\AndroidManifest.xml:57:17-64
intent-filter#android.intent.action.MAIN+android.intent.category.DEFAULT+android.intent.category.LAUNCHER+android.intent.category.MONKEY
ADDED from src\main\AndroidManifest.xml:64:17-69:33
action#android.intent.action.MAIN
ADDED from src\main\AndroidManifest.xml:65:21-73
	android:name
		ADDED from src\main\AndroidManifest.xml:65:29-70
category#android.intent.category.LAUNCHER
ADDED from src\main\AndroidManifest.xml:66:21-81
	android:name
		ADDED from src\main\AndroidManifest.xml:66:31-78
category#android.intent.category.DEFAULT
ADDED from src\main\AndroidManifest.xml:67:21-80
	android:name
		ADDED from src\main\AndroidManifest.xml:67:31-77
category#android.intent.category.MONKEY
ADDED from src\main\AndroidManifest.xml:68:21-78
	android:name
		ADDED from src\main\AndroidManifest.xml:68:31-76
activity#com.android.hmlauncher2.WallpaperChooser
ADDED from src\main\AndroidManifest.xml:72:13-85:24
	android:finishOnCloseSystemDialogs
		ADDED from src\main\AndroidManifest.xml:77:17-58
	android:process
		ADDED from src\main\AndroidManifest.xml:78:17-53
	android:label
		ADDED from src\main\AndroidManifest.xml:75:17-55
	android:icon
		ADDED from src\main\AndroidManifest.xml:76:17-61
	android:theme
		ADDED from src\main\AndroidManifest.xml:74:17-61
	android:name
		ADDED from src\main\AndroidManifest.xml:73:17-72
intent-filter#android.intent.action.SET_WALLPAPER+android.intent.category.DEFAULT
ADDED from src\main\AndroidManifest.xml:79:17-82:33
action#android.intent.action.SET_WALLPAPER
ADDED from src\main\AndroidManifest.xml:80:21-82
	android:name
		ADDED from src\main\AndroidManifest.xml:80:29-79
meta-data#android.wallpaper.preview
ADDED from src\main\AndroidManifest.xml:83:17-84:72
	android:resource
		ADDED from src\main\AndroidManifest.xml:84:21-69
	android:name
		ADDED from src\main\AndroidManifest.xml:83:28-68
receiver#com.android.hmlauncher2.PreloadReceiver
ADDED from src\main\AndroidManifest.xml:88:9-94:20
	android:permission
		ADDED from src\main\AndroidManifest.xml:90:13-83
	android:name
		ADDED from src\main\AndroidManifest.xml:89:13-67
intent-filter#com.android.launcher.action.PRELOAD_WORKSPACE
ADDED from src\main\AndroidManifest.xml:91:13-93:29
action#com.android.launcher.action.PRELOAD_WORKSPACE
ADDED from src\main\AndroidManifest.xml:92:17-88
	android:name
		ADDED from src\main\AndroidManifest.xml:92:25-85
receiver#com.android.hmlauncher2.InstallShortcutReceiver
ADDED from src\main\AndroidManifest.xml:97:9-103:20
	android:permission
		ADDED from src\main\AndroidManifest.xml:99:13-82
	android:name
		ADDED from src\main\AndroidManifest.xml:98:13-75
intent-filter#com.android.launcher.action.INSTALL_SHORTCUT
ADDED from src\main\AndroidManifest.xml:100:13-102:29
action#com.android.launcher.action.INSTALL_SHORTCUT
ADDED from src\main\AndroidManifest.xml:101:17-87
	android:name
		ADDED from src\main\AndroidManifest.xml:101:25-84
receiver#com.android.hmlauncher2.UninstallShortcutReceiver
ADDED from src\main\AndroidManifest.xml:106:9-112:20
	android:permission
		ADDED from src\main\AndroidManifest.xml:108:13-84
	android:name
		ADDED from src\main\AndroidManifest.xml:107:13-77
intent-filter#com.android.launcher.action.UNINSTALL_SHORTCUT
ADDED from src\main\AndroidManifest.xml:109:13-111:29
action#com.android.launcher.action.UNINSTALL_SHORTCUT
ADDED from src\main\AndroidManifest.xml:110:17-89
	android:name
		ADDED from src\main\AndroidManifest.xml:110:25-86
receiver#com.android.hmlauncher2.UserInitializeReceiver
ADDED from src\main\AndroidManifest.xml:115:9-121:20
	android:exported
		ADDED from src\main\AndroidManifest.xml:117:13-37
	android:name
		ADDED from src\main\AndroidManifest.xml:116:13-74
intent-filter#android.intent.action.USER_INITIALIZE
ADDED from src\main\AndroidManifest.xml:118:13-120:29
action#android.intent.action.USER_INITIALIZE
ADDED from src\main\AndroidManifest.xml:119:17-80
	android:name
		ADDED from src\main\AndroidManifest.xml:119:25-77
receiver#com.android.hmlauncher2.PackageChangedReceiver
ADDED from src\main\AndroidManifest.xml:123:9-130:20
	android:name
		ADDED from src\main\AndroidManifest.xml:123:19-80
intent-filter#android.intent.action.PACKAGE_CHANGED+android.intent.action.PACKAGE_REMOVED+android.intent.action.PACKAGE_REPLACED
ADDED from src\main\AndroidManifest.xml:124:13-129:29
action#android.intent.action.PACKAGE_CHANGED
ADDED from src\main\AndroidManifest.xml:125:17-79
	android:name
		ADDED from src\main\AndroidManifest.xml:125:25-77
action#android.intent.action.PACKAGE_REPLACED
ADDED from src\main\AndroidManifest.xml:126:17-80
	android:name
		ADDED from src\main\AndroidManifest.xml:126:25-78
action#android.intent.action.PACKAGE_REMOVED
ADDED from src\main\AndroidManifest.xml:127:17-79
	android:name
		ADDED from src\main\AndroidManifest.xml:127:25-77
data
ADDED from src\main\AndroidManifest.xml:128:17-55
	android:scheme
		ADDED from src\main\AndroidManifest.xml:128:23-47
provider#com.android.hmlauncher2.LauncherProvider
ADDED from src\main\AndroidManifest.xml:133:9-138:86
	android:readPermission
		ADDED from src\main\AndroidManifest.xml:138:13-83
	android:authorities
		ADDED from src\main\AndroidManifest.xml:135:13-67
	android:exported
		ADDED from src\main\AndroidManifest.xml:136:13-36
	android:name
		ADDED from src\main\AndroidManifest.xml:134:13-68
	android:writePermission
		ADDED from src\main\AndroidManifest.xml:137:13-85
meta-data#android.nfc.disable_beam_default
ADDED from src\main\AndroidManifest.xml:140:9-141:47
	android:value
		ADDED from src\main\AndroidManifest.xml:141:24-44
	android:name
		ADDED from src\main\AndroidManifest.xml:140:20-67
uses-sdk
INJECTED from src\main\AndroidManifest.xml reason: use-sdk injection requested
MERGED from [com.android.support:recyclerview-v7:25.2.0] AndroidManifest.xml:20:5-43
MERGED from [com.android.support:support-core-ui:25.2.0] AndroidManifest.xml:21:5-23:58
MERGED from [com.android.support:support-compat:25.2.0] AndroidManifest.xml:21:5-23:58
	tools:overrideLibrary
		ADDED from [com.android.support:support-core-ui:25.2.0] AndroidManifest.xml:23:9-55
	android:minSdkVersion
		INJECTED from src\main\AndroidManifest.xml
		INJECTED from src\main\AndroidManifest.xml